<?xml version="1.0" encoding="UTF-8"?>
<coverage generated="1743797979028" clover="3.2.0">
  <project timestamp="1743797979028" name="All files">
    <metrics statements="188" coveredstatements="183" conditionals="75" coveredconditionals="67" methods="83" coveredmethods="83" elements="346" coveredelements="333" complexity="0" loc="188" ncloc="188" packages="7" files="16" classes="16"/>
    <package name="components">
      <metrics statements="23" coveredstatements="23" conditionals="11" coveredconditionals="11" methods="11" coveredmethods="11"/>
      <file name="ErrorDisplay.tsx" path="/Users/nickp/react-native-examples/SpeedyMeds/src/components/ErrorDisplay.tsx">
        <metrics statements="12" coveredstatements="12" conditionals="8" coveredconditionals="8" methods="5" coveredmethods="5"/>
        <line num="11" count="5" type="stmt"/>
        <line num="15" count="8" type="stmt"/>
        <line num="17" count="8" type="stmt"/>
        <line num="24" count="5" type="stmt"/>
        <line num="25" count="16" type="stmt"/>
        <line num="27" count="16" type="stmt"/>
        <line num="50" count="5" type="stmt"/>
        <line num="51" count="9" type="stmt"/>
        <line num="53" count="9" type="cond" truecount="2" falsecount="0"/>
        <line num="54" count="1" type="stmt"/>
        <line num="58" count="8" type="cond" truecount="2" falsecount="0"/>
        <line num="60" count="8" type="stmt"/>
      </file>
      <file name="LoadingIndicator.tsx" path="/Users/nickp/react-native-examples/SpeedyMeds/src/components/LoadingIndicator.tsx">
        <metrics statements="6" coveredstatements="6" conditionals="3" coveredconditionals="3" methods="3" coveredmethods="3"/>
        <line num="11" count="5" type="stmt"/>
        <line num="15" count="7" type="stmt"/>
        <line num="17" count="7" type="stmt"/>
        <line num="37" count="5" type="stmt"/>
        <line num="40" count="7" type="stmt"/>
        <line num="42" count="7" type="stmt"/>
      </file>
      <file name="ScreenContainer.tsx" path="/Users/nickp/react-native-examples/SpeedyMeds/src/components/ScreenContainer.tsx">
        <metrics statements="5" coveredstatements="5" conditionals="0" coveredconditionals="0" methods="3" coveredmethods="3"/>
        <line num="15" count="5" type="stmt"/>
        <line num="17" count="24" type="stmt"/>
        <line num="20" count="24" type="stmt"/>
        <line num="41" count="5" type="stmt"/>
        <line num="43" count="24" type="stmt"/>
      </file>
    </package>
    <package name="context">
      <metrics statements="20" coveredstatements="20" conditionals="8" coveredconditionals="7" methods="6" coveredmethods="6"/>
      <file name="ThemeContext.tsx" path="/Users/nickp/react-native-examples/SpeedyMeds/src/context/ThemeContext.tsx">
        <metrics statements="20" coveredstatements="20" conditionals="8" coveredconditionals="7" methods="6" coveredmethods="6"/>
        <line num="85" count="2" type="stmt"/>
        <line num="116" count="2" type="stmt"/>
        <line num="120" count="9" type="stmt"/>
        <line num="129" count="9" type="stmt"/>
        <line num="137" count="9" type="stmt"/>
        <line num="138" count="9" type="cond" truecount="2" falsecount="0"/>
        <line num="140" count="6" type="cond" truecount="1" falsecount="1"/>
        <line num="143" count="3" type="stmt"/>
        <line num="149" count="9" type="stmt"/>
        <line num="150" count="9" type="cond" truecount="2" falsecount="0"/>
        <line num="173" count="9" type="stmt"/>
        <line num="174" count="4" type="stmt"/>
        <line num="182" count="9" type="stmt"/>
        <line num="183" count="9" type="stmt"/>
        <line num="196" count="9" type="stmt"/>
        <line num="218" count="2" type="stmt"/>
        <line num="220" count="12" type="stmt"/>
        <line num="223" count="11" type="cond" truecount="2" falsecount="0"/>
        <line num="224" count="2" type="stmt"/>
        <line num="227" count="9" type="stmt"/>
      </file>
    </package>
    <package name="screens">
      <metrics statements="120" coveredstatements="115" conditionals="56" coveredconditionals="49" methods="57" coveredmethods="57"/>
      <file name="AccountScreen.tsx" path="/Users/nickp/react-native-examples/SpeedyMeds/src/screens/AccountScreen.tsx">
        <metrics statements="30" coveredstatements="30" conditionals="10" coveredconditionals="9" methods="18" coveredmethods="18"/>
        <line num="58" count="1" type="stmt"/>
        <line num="61" count="7" type="stmt"/>
        <line num="78" count="1" type="stmt"/>
        <line num="87" count="10" type="stmt"/>
        <line num="91" count="10" type="stmt"/>
        <line num="96" count="10" type="cond" truecount="4" falsecount="0"/>
        <line num="98" count="1" type="stmt"/>
        <line num="103" count="9" type="cond" truecount="2" falsecount="0"/>
        <line num="106" count="1" type="stmt"/>
        <line num="111" count="8" type="cond" truecount="2" falsecount="0"/>
        <line num="114" count="1" type="stmt"/>
        <line num="127" count="7" type="stmt"/>
        <line num="129" count="7" type="cond" truecount="1" falsecount="1"/>
        <line num="131" count="7" type="stmt"/>
        <line num="164" count="7" type="stmt"/>
        <line num="166" count="7" type="stmt"/>
        <line num="169" count="1" type="stmt"/>
        <line num="175" count="7" type="stmt"/>
        <line num="177" count="7" type="stmt"/>
        <line num="179" count="1" type="stmt"/>
        <line num="184" count="7" type="stmt"/>
        <line num="185" count="7" type="stmt"/>
        <line num="188" count="1" type="stmt"/>
        <line num="194" count="7" type="stmt"/>
        <line num="195" count="7" type="stmt"/>
        <line num="197" count="1" type="stmt"/>
        <line num="203" count="7" type="stmt"/>
        <line num="205" count="7" type="stmt"/>
        <line num="207" count="1" type="stmt"/>
        <line num="215" count="1" type="stmt"/>
      </file>
      <file name="HomeScreen.tsx" path="/Users/nickp/react-native-examples/SpeedyMeds/src/screens/HomeScreen.tsx">
        <metrics statements="17" coveredstatements="17" conditionals="10" coveredconditionals="8" methods="11" coveredmethods="11"/>
        <line num="72" count="1" type="stmt"/>
        <line num="74" count="6" type="stmt"/>
        <line num="76" count="6" type="stmt"/>
        <line num="77" count="6" type="stmt"/>
        <line num="78" count="6" type="stmt"/>
        <line num="79" count="6" type="stmt"/>
        <line num="82" count="6" type="cond" truecount="4" falsecount="0"/>
        <line num="84" count="1" type="stmt"/>
        <line num="87" count="5" type="cond" truecount="2" falsecount="0"/>
        <line num="90" count="1" type="stmt"/>
        <line num="94" count="4" type="stmt"/>
        <line num="114" count="4" type="stmt"/>
        <line num="133" count="1" type="stmt"/>
        <line num="150" count="1" type="stmt"/>
        <line num="216" count="8" type="stmt"/>
        <line num="220" count="8" type="stmt"/>
        <line num="240" count="1" type="stmt"/>
      </file>
      <file name="OrdersScreen.tsx" path="/Users/nickp/react-native-examples/SpeedyMeds/src/screens/OrdersScreen.tsx">
        <metrics statements="22" coveredstatements="22" conditionals="10" coveredconditionals="10" methods="12" coveredmethods="12"/>
        <line num="65" count="1" type="stmt"/>
        <line num="69" count="6" type="stmt"/>
        <line num="70" count="6" type="stmt"/>
        <line num="71" count="6" type="stmt"/>
        <line num="74" count="6" type="stmt"/>
        <line num="82" count="6" type="stmt"/>
        <line num="85" count="2" type="stmt"/>
        <line num="96" count="6" type="stmt"/>
        <line num="97" count="6" type="stmt"/>
        <line num="103" count="6" type="stmt"/>
        <line num="111" count="1" type="stmt"/>
        <line num="113" count="6" type="stmt"/>
        <line num="120" count="6" type="cond" truecount="4" falsecount="0"/>
        <line num="122" count="1" type="stmt"/>
        <line num="126" count="5" type="cond" truecount="2" falsecount="0"/>
        <line num="129" count="1" type="stmt"/>
        <line num="134" count="4" type="cond" truecount="4" falsecount="0"/>
        <line num="137" count="1" type="stmt"/>
        <line num="160" count="3" type="stmt"/>
        <line num="168" count="9" type="stmt"/>
        <line num="170" count="3" type="stmt"/>
        <line num="180" count="1" type="stmt"/>
      </file>
      <file name="PrescriptionsScreen.tsx" path="/Users/nickp/react-native-examples/SpeedyMeds/src/screens/PrescriptionsScreen.tsx">
        <metrics statements="51" coveredstatements="46" conditionals="26" coveredconditionals="22" methods="16" coveredmethods="16"/>
        <line num="66" count="1" type="stmt"/>
        <line num="69" count="4" type="stmt"/>
        <line num="76" count="1" type="stmt"/>
        <line num="80" count="10" type="stmt"/>
        <line num="86" count="10" type="cond" truecount="2" falsecount="1"/>
        <line num="88" count="4" type="stmt"/>
        <line num="92" count="0" type="stmt"/>
        <line num="94" count="6" type="stmt"/>
        <line num="99" count="10" type="cond" truecount="3" falsecount="0"/>
        <line num="105" count="4" type="cond" truecount="1" falsecount="1"/>
        <line num="110" count="6" type="cond" truecount="1" falsecount="1"/>
        <line num="133" count="1" type="stmt"/>
        <line num="138" count="9" type="stmt"/>
        <line num="139" count="9" type="stmt"/>
        <line num="140" count="9" type="stmt"/>
        <line num="144" count="9" type="stmt"/>
        <line num="146" count="9" type="stmt"/>
        <line num="149" count="9" type="stmt"/>
        <line num="150" count="9" type="cond" truecount="2" falsecount="0"/>
        <line num="151" count="7" type="stmt"/>
        <line num="153" count="2" type="stmt"/>
        <line num="154" count="2" type="stmt"/>
        <line num="155" count="4" type="stmt"/>
        <line num="165" count="9" type="stmt"/>
        <line num="172" count="10" type="stmt"/>
        <line num="173" count="10" type="stmt"/>
        <line num="174" count="10" type="stmt"/>
        <line num="176" count="10" type="cond" truecount="3" falsecount="1"/>
        <line num="178" count="4" type="stmt"/>
        <line num="179" count="4" type="stmt"/>
        <line num="183" count="4" type="stmt"/>
        <line num="184" count="4" type="stmt"/>
        <line num="186" count="0" type="stmt"/>
        <line num="187" count="0" type="stmt"/>
        <line num="188" count="0" type="stmt"/>
        <line num="189" count="0" type="stmt"/>
        <line num="192" count="6" type="stmt"/>
        <line num="195" count="4" type="stmt"/>
        <line num="218" count="9" type="stmt"/>
        <line num="223" count="10" type="stmt"/>
        <line num="228" count="10" type="stmt"/>
        <line num="239" count="10" type="stmt"/>
        <line num="245" count="9" type="cond" truecount="4" falsecount="0"/>
        <line num="247" count="1" type="stmt"/>
        <line num="251" count="8" type="cond" truecount="2" falsecount="0"/>
        <line num="254" count="1" type="stmt"/>
        <line num="258" count="7" type="cond" truecount="4" falsecount="0"/>
        <line num="261" count="1" type="stmt"/>
        <line num="284" count="6" type="stmt"/>
        <line num="299" count="16" type="stmt"/>
        <line num="300" count="4" type="stmt"/>
      </file>
    </package>
    <package name="stores">
      <metrics statements="7" coveredstatements="7" conditionals="0" coveredconditionals="0" methods="7" coveredmethods="7"/>
      <file name="appDataStore.ts" path="/Users/nickp/react-native-examples/SpeedyMeds/src/stores/appDataStore.ts">
        <metrics statements="7" coveredstatements="7" conditionals="0" coveredconditionals="0" methods="7" coveredmethods="7"/>
        <line num="99" count="5" type="stmt"/>
        <line num="115" count="1" type="stmt"/>
        <line num="118" count="1" type="stmt"/>
        <line num="120" count="1" type="stmt"/>
        <line num="122" count="1" type="stmt"/>
        <line num="125" count="2" type="stmt"/>
        <line num="129" count="2" type="stmt"/>
      </file>
    </package>
    <package name="test-utils">
      <metrics statements="5" coveredstatements="5" conditionals="0" coveredconditionals="0" methods="2" coveredmethods="2"/>
      <file name="renderWithProviders.tsx" path="/Users/nickp/react-native-examples/SpeedyMeds/src/test-utils/renderWithProviders.tsx">
        <metrics statements="5" coveredstatements="5" conditionals="0" coveredconditionals="0" methods="2" coveredmethods="2"/>
        <line num="9" count="7" type="stmt"/>
        <line num="14" count="37" type="stmt"/>
        <line num="19" count="37" type="stmt"/>
        <line num="27" count="7" type="stmt"/>
        <line num="30" count="37" type="stmt"/>
      </file>
    </package>
    <package name="theme">
      <metrics statements="13" coveredstatements="13" conditionals="0" coveredconditionals="0" methods="0" coveredmethods="0"/>
      <file name="colors.ts" path="/Users/nickp/react-native-examples/SpeedyMeds/src/theme/colors.ts">
        <metrics statements="1" coveredstatements="1" conditionals="0" coveredconditionals="0" methods="0" coveredmethods="0"/>
        <line num="21" count="9" type="stmt"/>
      </file>
      <file name="shape.ts" path="/Users/nickp/react-native-examples/SpeedyMeds/src/theme/shape.ts">
        <metrics statements="1" coveredstatements="1" conditionals="0" coveredconditionals="0" methods="0" coveredmethods="0"/>
        <line num="20" count="9" type="stmt"/>
      </file>
      <file name="spacing.ts" path="/Users/nickp/react-native-examples/SpeedyMeds/src/theme/spacing.ts">
        <metrics statements="1" coveredstatements="1" conditionals="0" coveredconditionals="0" methods="0" coveredmethods="0"/>
        <line num="23" count="9" type="stmt"/>
      </file>
      <file name="theme.ts" path="/Users/nickp/react-native-examples/SpeedyMeds/src/theme/theme.ts">
        <metrics statements="7" coveredstatements="7" conditionals="0" coveredconditionals="0" methods="0" coveredmethods="0"/>
        <line num="63" count="9" type="stmt"/>
        <line num="77" count="9" type="stmt"/>
        <line num="141" count="9" type="stmt"/>
        <line num="201" count="9" type="stmt"/>
        <line num="262" count="9" type="stmt"/>
        <line num="275" count="9" type="stmt"/>
        <line num="276" count="9" type="stmt"/>
      </file>
      <file name="typography.ts" path="/Users/nickp/react-native-examples/SpeedyMeds/src/theme/typography.ts">
        <metrics statements="3" coveredstatements="3" conditionals="0" coveredconditionals="0" methods="0" coveredmethods="0"/>
        <line num="24" count="9" type="stmt"/>
        <line num="46" count="9" type="stmt"/>
        <line num="70" count="9" type="stmt"/>
      </file>
    </package>
    <package name="types">
      <metrics statements="0" coveredstatements="0" conditionals="0" coveredconditionals="0" methods="0" coveredmethods="0"/>
      <file name="index.ts" path="/Users/nickp/react-native-examples/SpeedyMeds/src/types/index.ts">
        <metrics statements="0" coveredstatements="0" conditionals="0" coveredconditionals="0" methods="0" coveredmethods="0"/>
      </file>
    </package>
  </project>
</coverage>
