{"/Users/nickp/react-native-examples/SpeedyMeds/src/components/ErrorDisplay.tsx": {"path":"/Users/nickp/react-native-examples/SpeedyMeds/src/components/ErrorDisplay.tsx","statementMap":{"0":{"start":{"line":11,"column":23},"end":{"line":18,"column":1}},"1":{"start":{"line":15,"column":49},"end":{"line":15,"column":70}},"2":{"start":{"line":17,"column":4},"end":{"line":17,"column":27}},"3":{"start":{"line":24,"column":25},"end":{"line":28,"column":1}},"4":{"start":{"line":25,"column":47},"end":{"line":25,"column":65}},"5":{"start":{"line":27,"column":55},"end":{"line":27,"column":76}},"6":{"start":{"line":50,"column":50},"end":{"line":85,"column":1}},"7":{"start":{"line":51,"column":16},"end":{"line":51,"column":36}},"8":{"start":{"line":53,"column":2},"end":{"line":55,"column":3}},"9":{"start":{"line":54,"column":4},"end":{"line":54,"column":16}},"10":{"start":{"line":58,"column":23},"end":{"line":58,"column":69}},"11":{"start":{"line":60,"column":2},"end":{"line":84,"column":4}}},"fnMap":{"0":{"name":"(anonymous_0)","decl":{"start":{"line":15,"column":13},"end":{"line":15,"column":14}},"loc":{"start":{"line":15,"column":49},"end":{"line":15,"column":70}},"line":15},"1":{"name":"(anonymous_1)","decl":{"start":{"line":16,"column":22},"end":{"line":16,"column":23}},"loc":{"start":{"line":17,"column":4},"end":{"line":17,"column":27}},"line":17},"2":{"name":"(anonymous_2)","decl":{"start":{"line":25,"column":11},"end":{"line":25,"column":12}},"loc":{"start":{"line":25,"column":47},"end":{"line":25,"column":65}},"line":25},"3":{"name":"(anonymous_3)","decl":{"start":{"line":27,"column":19},"end":{"line":27,"column":20}},"loc":{"start":{"line":27,"column":55},"end":{"line":27,"column":76}},"line":27},"4":{"name":"(anonymous_4)","decl":{"start":{"line":50,"column":50},"end":{"line":50,"column":51}},"loc":{"start":{"line":50,"column":78},"end":{"line":85,"column":1}},"line":50}},"branchMap":{"0":{"loc":{"start":{"line":53,"column":2},"end":{"line":55,"column":3}},"type":"if","locations":[{"start":{"line":53,"column":2},"end":{"line":55,"column":3}},{"start":{},"end":{}}],"line":53},"1":{"loc":{"start":{"line":58,"column":23},"end":{"line":58,"column":69}},"type":"cond-expr","locations":[{"start":{"line":58,"column":48},"end":{"line":58,"column":61}},{"start":{"line":58,"column":64},"end":{"line":58,"column":69}}],"line":58},"2":{"loc":{"start":{"line":64,"column":9},"end":{"line":64,"column":63}},"type":"cond-expr","locations":[{"start":{"line":64,"column":34},"end":{"line":64,"column":53}},{"start":{"line":64,"column":56},"end":{"line":64,"column":63}}],"line":64},"3":{"loc":{"start":{"line":69,"column":7},"end":{"line":82,"column":7}},"type":"binary-expr","locations":[{"start":{"line":69,"column":7},"end":{"line":69,"column":18}},{"start":{"line":70,"column":8},"end":{"line":81,"column":17}}],"line":69}},"s":{"0":5,"1":8,"2":8,"3":5,"4":16,"5":16,"6":5,"7":9,"8":9,"9":1,"10":8,"11":8},"f":{"0":8,"1":8,"2":16,"3":16,"4":9},"b":{"0":[1,8],"1":[5,3],"2":[5,3],"3":[8,2]},"_coverageSchema":"1a1c01bbd47fc00a2c39e90264f33305004495a9","hash":"5ad873783311e2ddfee4897096875244cfc6a2f6"}
,"/Users/nickp/react-native-examples/SpeedyMeds/src/components/LoadingIndicator.tsx": {"path":"/Users/nickp/react-native-examples/SpeedyMeds/src/components/LoadingIndicator.tsx","statementMap":{"0":{"start":{"line":11,"column":25},"end":{"line":18,"column":1}},"1":{"start":{"line":15,"column":49},"end":{"line":15,"column":70}},"2":{"start":{"line":17,"column":4},"end":{"line":17,"column":27}},"3":{"start":{"line":37,"column":58},"end":{"line":62,"column":1}},"4":{"start":{"line":40,"column":16},"end":{"line":40,"column":36}},"5":{"start":{"line":42,"column":2},"end":{"line":61,"column":4}}},"fnMap":{"0":{"name":"(anonymous_0)","decl":{"start":{"line":15,"column":13},"end":{"line":15,"column":14}},"loc":{"start":{"line":15,"column":49},"end":{"line":15,"column":70}},"line":15},"1":{"name":"(anonymous_1)","decl":{"start":{"line":16,"column":22},"end":{"line":16,"column":23}},"loc":{"start":{"line":17,"column":4},"end":{"line":17,"column":27}},"line":17},"2":{"name":"(anonymous_2)","decl":{"start":{"line":37,"column":58},"end":{"line":37,"column":59}},"loc":{"start":{"line":39,"column":6},"end":{"line":62,"column":1}},"line":39}},"branchMap":{"0":{"loc":{"start":{"line":38,"column":2},"end":{"line":38,"column":24}},"type":"default-arg","locations":[{"start":{"line":38,"column":12},"end":{"line":38,"column":24}}],"line":38},"1":{"loc":{"start":{"line":49,"column":7},"end":{"line":59,"column":7}},"type":"binary-expr","locations":[{"start":{"line":49,"column":7},"end":{"line":49,"column":14}},{"start":{"line":50,"column":8},"end":{"line":58,"column":15}}],"line":49}},"s":{"0":5,"1":7,"2":7,"3":5,"4":7,"5":7},"f":{"0":7,"1":7,"2":7},"b":{"0":[1],"1":[7,6]},"_coverageSchema":"1a1c01bbd47fc00a2c39e90264f33305004495a9","hash":"76f5ce5dc78b705c72314d970e558ee6247c5604"}
,"/Users/nickp/react-native-examples/SpeedyMeds/src/components/ScreenContainer.tsx": {"path":"/Users/nickp/react-native-examples/SpeedyMeds/src/components/ScreenContainer.tsx","statementMap":{"0":{"start":{"line":15,"column":24},"end":{"line":21,"column":1}},"1":{"start":{"line":17,"column":49},"end":{"line":17,"column":70}},"2":{"start":{"line":20,"column":4},"end":{"line":20,"column":27}},"3":{"start":{"line":41,"column":56},"end":{"line":44,"column":1}},"4":{"start":{"line":43,"column":2},"end":{"line":43,"column":55}}},"fnMap":{"0":{"name":"(anonymous_0)","decl":{"start":{"line":17,"column":13},"end":{"line":17,"column":14}},"loc":{"start":{"line":17,"column":49},"end":{"line":17,"column":70}},"line":17},"1":{"name":"(anonymous_1)","decl":{"start":{"line":19,"column":22},"end":{"line":19,"column":23}},"loc":{"start":{"line":20,"column":4},"end":{"line":20,"column":27}},"line":20},"2":{"name":"(anonymous_2)","decl":{"start":{"line":41,"column":56},"end":{"line":41,"column":57}},"loc":{"start":{"line":41,"column":74},"end":{"line":44,"column":1}},"line":41}},"branchMap":{},"s":{"0":5,"1":24,"2":24,"3":5,"4":24},"f":{"0":24,"1":24,"2":24},"b":{},"_coverageSchema":"1a1c01bbd47fc00a2c39e90264f33305004495a9","hash":"cd04bcea97cd0edb1c6a373252be97d7c342836d"}
,"/Users/nickp/react-native-examples/SpeedyMeds/src/context/ThemeContext.tsx": {"path":"/Users/nickp/react-native-examples/SpeedyMeds/src/context/ThemeContext.tsx","statementMap":{"0":{"start":{"line":85,"column":21},"end":{"line":85,"column":75}},"1":{"start":{"line":116,"column":59},"end":{"line":201,"column":1}},"2":{"start":{"line":120,"column":28},"end":{"line":120,"column":44}},"3":{"start":{"line":129,"column":4},"end":{"line":129,"column":39}},"4":{"start":{"line":137,"column":24},"end":{"line":145,"column":42}},"5":{"start":{"line":138,"column":4},"end":{"line":144,"column":5}},"6":{"start":{"line":140,"column":6},"end":{"line":140,"column":42}},"7":{"start":{"line":143,"column":6},"end":{"line":143,"column":29}},"8":{"start":{"line":149,"column":16},"end":{"line":151,"column":21}},"9":{"start":{"line":150,"column":4},"end":{"line":150,"column":61}},"10":{"start":{"line":173,"column":29},"end":{"line":177,"column":8}},"11":{"start":{"line":174,"column":4},"end":{"line":174,"column":40}},"12":{"start":{"line":182,"column":23},"end":{"line":191,"column":3}},"13":{"start":{"line":183,"column":11},"end":{"line":188,"column":5}},"14":{"start":{"line":196,"column":2},"end":{"line":200,"column":4}},"15":{"start":{"line":218,"column":31},"end":{"line":228,"column":1}},"16":{"start":{"line":220,"column":18},"end":{"line":220,"column":42}},"17":{"start":{"line":223,"column":2},"end":{"line":225,"column":3}},"18":{"start":{"line":224,"column":4},"end":{"line":224,"column":75}},"19":{"start":{"line":227,"column":2},"end":{"line":227,"column":17}}},"fnMap":{"0":{"name":"(anonymous_0)","decl":{"start":{"line":116,"column":59},"end":{"line":116,"column":60}},"loc":{"start":{"line":116,"column":77},"end":{"line":201,"column":1}},"line":116},"1":{"name":"(anonymous_1)","decl":{"start":{"line":137,"column":32},"end":{"line":137,"column":33}},"loc":{"start":{"line":137,"column":38},"end":{"line":145,"column":3}},"line":137},"2":{"name":"(anonymous_2)","decl":{"start":{"line":149,"column":24},"end":{"line":149,"column":25}},"loc":{"start":{"line":149,"column":30},"end":{"line":151,"column":3}},"line":149},"3":{"name":"(anonymous_3)","decl":{"start":{"line":173,"column":41},"end":{"line":173,"column":42}},"loc":{"start":{"line":173,"column":74},"end":{"line":177,"column":3}},"line":173},"4":{"name":"(anonymous_4)","decl":{"start":{"line":183,"column":4},"end":{"line":183,"column":5}},"loc":{"start":{"line":183,"column":11},"end":{"line":188,"column":5}},"line":183},"5":{"name":"(anonymous_5)","decl":{"start":{"line":218,"column":31},"end":{"line":218,"column":32}},"loc":{"start":{"line":218,"column":55},"end":{"line":228,"column":1}},"line":218}},"branchMap":{"0":{"loc":{"start":{"line":138,"column":4},"end":{"line":144,"column":5}},"type":"if","locations":[{"start":{"line":138,"column":4},"end":{"line":144,"column":5}},{"start":{"line":141,"column":11},"end":{"line":144,"column":5}}],"line":138},"1":{"loc":{"start":{"line":140,"column":13},"end":{"line":140,"column":41}},"type":"binary-expr","locations":[{"start":{"line":140,"column":13},"end":{"line":140,"column":30}},{"start":{"line":140,"column":34},"end":{"line":140,"column":41}}],"line":140},"2":{"loc":{"start":{"line":150,"column":11},"end":{"line":150,"column":60}},"type":"cond-expr","locations":[{"start":{"line":150,"column":38},"end":{"line":150,"column":47}},{"start":{"line":150,"column":50},"end":{"line":150,"column":60}}],"line":150},"3":{"loc":{"start":{"line":223,"column":2},"end":{"line":225,"column":3}},"type":"if","locations":[{"start":{"line":223,"column":2},"end":{"line":225,"column":3}},{"start":{},"end":{}}],"line":223}},"s":{"0":2,"1":2,"2":9,"3":9,"4":9,"5":9,"6":6,"7":3,"8":9,"9":9,"10":9,"11":4,"12":9,"13":9,"14":9,"15":2,"16":12,"17":11,"18":2,"19":9},"f":{"0":9,"1":9,"2":9,"3":4,"4":9,"5":12},"b":{"0":[6,3],"1":[6,0],"2":[4,5],"3":[2,9]},"_coverageSchema":"1a1c01bbd47fc00a2c39e90264f33305004495a9","hash":"119fea2cf4e493b87ebd39edba6c7220a7193375"}
,"/Users/nickp/react-native-examples/SpeedyMeds/src/screens/AccountScreen.tsx": {"path":"/Users/nickp/react-native-examples/SpeedyMeds/src/screens/AccountScreen.tsx","statementMap":{"0":{"start":{"line":58,"column":23},"end":{"line":62,"column":1}},"1":{"start":{"line":61,"column":49},"end":{"line":61,"column":70}},"2":{"start":{"line":78,"column":52},"end":{"line":229,"column":1}},"3":{"start":{"line":87,"column":44},"end":{"line":87,"column":61}},"4":{"start":{"line":91,"column":16},"end":{"line":91,"column":36}},"5":{"start":{"line":96,"column":2},"end":{"line":99,"column":3}},"6":{"start":{"line":98,"column":4},"end":{"line":98,"column":61}},"7":{"start":{"line":103,"column":2},"end":{"line":107,"column":3}},"8":{"start":{"line":106,"column":4},"end":{"line":106,"column":42}},"9":{"start":{"line":111,"column":2},"end":{"line":123,"column":3}},"10":{"start":{"line":114,"column":4},"end":{"line":122,"column":6}},"11":{"start":{"line":127,"column":22},"end":{"line":127,"column":75}},"12":{"start":{"line":129,"column":18},"end":{"line":129,"column":72}},"13":{"start":{"line":131,"column":2},"end":{"line":228,"column":4}},"14":{"start":{"line":164,"column":29},"end":{"line":164,"column":76}},"15":{"start":{"line":166,"column":30},"end":{"line":166,"column":75}},"16":{"start":{"line":169,"column":27},"end":{"line":169,"column":74}},"17":{"start":{"line":175,"column":14},"end":{"line":175,"column":65}},"18":{"start":{"line":177,"column":30},"end":{"line":177,"column":75}},"19":{"start":{"line":179,"column":27},"end":{"line":179,"column":76}},"20":{"start":{"line":184,"column":29},"end":{"line":184,"column":74}},"21":{"start":{"line":185,"column":30},"end":{"line":185,"column":75}},"22":{"start":{"line":188,"column":14},"end":{"line":188,"column":73}},"23":{"start":{"line":194,"column":29},"end":{"line":194,"column":73}},"24":{"start":{"line":195,"column":30},"end":{"line":195,"column":75}},"25":{"start":{"line":197,"column":27},"end":{"line":197,"column":69}},"26":{"start":{"line":203,"column":14},"end":{"line":203,"column":65}},"27":{"start":{"line":205,"column":30},"end":{"line":205,"column":75}},"28":{"start":{"line":207,"column":27},"end":{"line":207,"column":75}},"29":{"start":{"line":215,"column":25},"end":{"line":215,"column":64}}},"fnMap":{"0":{"name":"(anonymous_0)","decl":{"start":{"line":61,"column":13},"end":{"line":61,"column":14}},"loc":{"start":{"line":61,"column":49},"end":{"line":61,"column":70}},"line":61},"1":{"name":"(anonymous_1)","decl":{"start":{"line":78,"column":52},"end":{"line":78,"column":53}},"loc":{"start":{"line":80,"column":5},"end":{"line":229,"column":1}},"line":80},"2":{"name":"(anonymous_2)","decl":{"start":{"line":164,"column":18},"end":{"line":164,"column":19}},"loc":{"start":{"line":164,"column":29},"end":{"line":164,"column":76}},"line":164},"3":{"name":"(anonymous_3)","decl":{"start":{"line":166,"column":19},"end":{"line":166,"column":20}},"loc":{"start":{"line":166,"column":30},"end":{"line":166,"column":75}},"line":166},"4":{"name":"(anonymous_4)","decl":{"start":{"line":169,"column":21},"end":{"line":169,"column":22}},"loc":{"start":{"line":169,"column":27},"end":{"line":169,"column":74}},"line":169},"5":{"name":"(anonymous_5)","decl":{"start":{"line":174,"column":18},"end":{"line":174,"column":19}},"loc":{"start":{"line":175,"column":14},"end":{"line":175,"column":65}},"line":175},"6":{"name":"(anonymous_6)","decl":{"start":{"line":177,"column":19},"end":{"line":177,"column":20}},"loc":{"start":{"line":177,"column":30},"end":{"line":177,"column":75}},"line":177},"7":{"name":"(anonymous_7)","decl":{"start":{"line":179,"column":21},"end":{"line":179,"column":22}},"loc":{"start":{"line":179,"column":27},"end":{"line":179,"column":76}},"line":179},"8":{"name":"(anonymous_8)","decl":{"start":{"line":184,"column":18},"end":{"line":184,"column":19}},"loc":{"start":{"line":184,"column":29},"end":{"line":184,"column":74}},"line":184},"9":{"name":"(anonymous_9)","decl":{"start":{"line":185,"column":19},"end":{"line":185,"column":20}},"loc":{"start":{"line":185,"column":30},"end":{"line":185,"column":75}},"line":185},"10":{"name":"(anonymous_10)","decl":{"start":{"line":187,"column":21},"end":{"line":187,"column":22}},"loc":{"start":{"line":188,"column":14},"end":{"line":188,"column":73}},"line":188},"11":{"name":"(anonymous_11)","decl":{"start":{"line":194,"column":18},"end":{"line":194,"column":19}},"loc":{"start":{"line":194,"column":29},"end":{"line":194,"column":73}},"line":194},"12":{"name":"(anonymous_12)","decl":{"start":{"line":195,"column":19},"end":{"line":195,"column":20}},"loc":{"start":{"line":195,"column":30},"end":{"line":195,"column":75}},"line":195},"13":{"name":"(anonymous_13)","decl":{"start":{"line":197,"column":21},"end":{"line":197,"column":22}},"loc":{"start":{"line":197,"column":27},"end":{"line":197,"column":69}},"line":197},"14":{"name":"(anonymous_14)","decl":{"start":{"line":202,"column":18},"end":{"line":202,"column":19}},"loc":{"start":{"line":203,"column":14},"end":{"line":203,"column":65}},"line":203},"15":{"name":"(anonymous_15)","decl":{"start":{"line":205,"column":19},"end":{"line":205,"column":20}},"loc":{"start":{"line":205,"column":30},"end":{"line":205,"column":75}},"line":205},"16":{"name":"(anonymous_16)","decl":{"start":{"line":207,"column":21},"end":{"line":207,"column":22}},"loc":{"start":{"line":207,"column":27},"end":{"line":207,"column":75}},"line":207},"17":{"name":"(anonymous_17)","decl":{"start":{"line":215,"column":19},"end":{"line":215,"column":20}},"loc":{"start":{"line":215,"column":25},"end":{"line":215,"column":64}},"line":215}},"branchMap":{"0":{"loc":{"start":{"line":96,"column":2},"end":{"line":99,"column":3}},"type":"if","locations":[{"start":{"line":96,"column":2},"end":{"line":99,"column":3}},{"start":{},"end":{}}],"line":96},"1":{"loc":{"start":{"line":96,"column":6},"end":{"line":96,"column":31}},"type":"binary-expr","locations":[{"start":{"line":96,"column":6},"end":{"line":96,"column":15}},{"start":{"line":96,"column":19},"end":{"line":96,"column":31}}],"line":96},"2":{"loc":{"start":{"line":103,"column":2},"end":{"line":107,"column":3}},"type":"if","locations":[{"start":{"line":103,"column":2},"end":{"line":107,"column":3}},{"start":{},"end":{}}],"line":103},"3":{"loc":{"start":{"line":111,"column":2},"end":{"line":123,"column":3}},"type":"if","locations":[{"start":{"line":111,"column":2},"end":{"line":123,"column":3}},{"start":{},"end":{}}],"line":111},"4":{"loc":{"start":{"line":129,"column":18},"end":{"line":129,"column":72}},"type":"binary-expr","locations":[{"start":{"line":129,"column":18},"end":{"line":129,"column":65}},{"start":{"line":129,"column":69},"end":{"line":129,"column":72}}],"line":129}},"s":{"0":1,"1":7,"2":1,"3":10,"4":10,"5":10,"6":1,"7":9,"8":1,"9":8,"10":1,"11":7,"12":7,"13":7,"14":7,"15":7,"16":1,"17":7,"18":7,"19":1,"20":7,"21":7,"22":1,"23":7,"24":7,"25":1,"26":7,"27":7,"28":1,"29":1},"f":{"0":7,"1":10,"2":7,"3":7,"4":1,"5":7,"6":7,"7":1,"8":7,"9":7,"10":1,"11":7,"12":7,"13":1,"14":7,"15":7,"16":1,"17":1},"b":{"0":[1,9],"1":[10,1],"2":[1,8],"3":[1,7],"4":[7,0]},"_coverageSchema":"1a1c01bbd47fc00a2c39e90264f33305004495a9","hash":"93f919e524170fec0ddcca56f38f8ff229573358"}
,"/Users/nickp/react-native-examples/SpeedyMeds/src/screens/HomeScreen.tsx": {"path":"/Users/nickp/react-native-examples/SpeedyMeds/src/screens/HomeScreen.tsx","statementMap":{"0":{"start":{"line":72,"column":46},"end":{"line":270,"column":1}},"1":{"start":{"line":74,"column":57},"end":{"line":74,"column":74}},"2":{"start":{"line":76,"column":22},"end":{"line":76,"column":67}},"3":{"start":{"line":76,"column":49},"end":{"line":76,"column":66}},"4":{"start":{"line":77,"column":20},"end":{"line":77,"column":73}},"5":{"start":{"line":77,"column":47},"end":{"line":77,"column":72}},"6":{"start":{"line":78,"column":20},"end":{"line":78,"column":63}},"7":{"start":{"line":78,"column":47},"end":{"line":78,"column":62}},"8":{"start":{"line":79,"column":16},"end":{"line":79,"column":55}},"9":{"start":{"line":79,"column":43},"end":{"line":79,"column":54}},"10":{"start":{"line":82,"column":2},"end":{"line":85,"column":3}},"11":{"start":{"line":84,"column":4},"end":{"line":84,"column":63}},"12":{"start":{"line":87,"column":2},"end":{"line":91,"column":3}},"13":{"start":{"line":90,"column":4},"end":{"line":90,"column":42}},"14":{"start":{"line":94,"column":2},"end":{"line":269,"column":4}},"15":{"start":{"line":114,"column":29},"end":{"line":114,"column":69}},"16":{"start":{"line":133,"column":27},"end":{"line":133,"column":63}},"17":{"start":{"line":150,"column":27},"end":{"line":150,"column":56}},"18":{"start":{"line":216,"column":14},"end":{"line":222,"column":16}},"19":{"start":{"line":220,"column":33},"end":{"line":220,"column":76}},"20":{"start":{"line":240,"column":12},"end":{"line":240,"column":56}}},"fnMap":{"0":{"name":"(anonymous_0)","decl":{"start":{"line":72,"column":46},"end":{"line":72,"column":47}},"loc":{"start":{"line":72,"column":66},"end":{"line":270,"column":1}},"line":72},"1":{"name":"(anonymous_1)","decl":{"start":{"line":76,"column":38},"end":{"line":76,"column":39}},"loc":{"start":{"line":76,"column":49},"end":{"line":76,"column":66}},"line":76},"2":{"name":"(anonymous_2)","decl":{"start":{"line":77,"column":36},"end":{"line":77,"column":37}},"loc":{"start":{"line":77,"column":47},"end":{"line":77,"column":72}},"line":77},"3":{"name":"(anonymous_3)","decl":{"start":{"line":78,"column":36},"end":{"line":78,"column":37}},"loc":{"start":{"line":78,"column":47},"end":{"line":78,"column":62}},"line":78},"4":{"name":"(anonymous_4)","decl":{"start":{"line":79,"column":32},"end":{"line":79,"column":33}},"loc":{"start":{"line":79,"column":43},"end":{"line":79,"column":54}},"line":79},"5":{"name":"(anonymous_5)","decl":{"start":{"line":114,"column":18},"end":{"line":114,"column":19}},"loc":{"start":{"line":114,"column":29},"end":{"line":114,"column":69}},"line":114},"6":{"name":"(anonymous_6)","decl":{"start":{"line":133,"column":21},"end":{"line":133,"column":22}},"loc":{"start":{"line":133,"column":27},"end":{"line":133,"column":63}},"line":133},"7":{"name":"(anonymous_7)","decl":{"start":{"line":150,"column":21},"end":{"line":150,"column":22}},"loc":{"start":{"line":150,"column":27},"end":{"line":150,"column":56}},"line":150},"8":{"name":"(anonymous_8)","decl":{"start":{"line":215,"column":26},"end":{"line":215,"column":27}},"loc":{"start":{"line":216,"column":14},"end":{"line":222,"column":16}},"line":216},"9":{"name":"(anonymous_9)","decl":{"start":{"line":220,"column":22},"end":{"line":220,"column":23}},"loc":{"start":{"line":220,"column":33},"end":{"line":220,"column":76}},"line":220},"10":{"name":"(anonymous_10)","decl":{"start":{"line":239,"column":25},"end":{"line":239,"column":26}},"loc":{"start":{"line":240,"column":12},"end":{"line":240,"column":56}},"line":240}},"branchMap":{"0":{"loc":{"start":{"line":82,"column":2},"end":{"line":85,"column":3}},"type":"if","locations":[{"start":{"line":82,"column":2},"end":{"line":85,"column":3}},{"start":{},"end":{}}],"line":82},"1":{"loc":{"start":{"line":82,"column":6},"end":{"line":82,"column":31}},"type":"binary-expr","locations":[{"start":{"line":82,"column":6},"end":{"line":82,"column":15}},{"start":{"line":82,"column":19},"end":{"line":82,"column":31}}],"line":82},"2":{"loc":{"start":{"line":87,"column":2},"end":{"line":91,"column":3}},"type":"if","locations":[{"start":{"line":87,"column":2},"end":{"line":91,"column":3}},{"start":{},"end":{}}],"line":87},"3":{"loc":{"start":{"line":102,"column":25},"end":{"line":102,"column":57}},"type":"binary-expr","locations":[{"start":{"line":102,"column":25},"end":{"line":102,"column":47}},{"start":{"line":102,"column":51},"end":{"line":102,"column":57}}],"line":102},"4":{"loc":{"start":{"line":214,"column":11},"end":{"line":233,"column":11}},"type":"cond-expr","locations":[{"start":{"line":215,"column":12},"end":{"line":223,"column":14}},{"start":{"line":225,"column":12},"end":{"line":232,"column":19}}],"line":214}},"s":{"0":1,"1":6,"2":6,"3":6,"4":6,"5":6,"6":6,"7":6,"8":6,"9":6,"10":6,"11":1,"12":5,"13":1,"14":4,"15":4,"16":1,"17":1,"18":8,"19":8,"20":1},"f":{"0":6,"1":6,"2":6,"3":6,"4":6,"5":4,"6":1,"7":1,"8":8,"9":8,"10":1},"b":{"0":[1,5],"1":[6,1],"2":[1,4],"3":[4,0],"4":[4,0]},"_coverageSchema":"1a1c01bbd47fc00a2c39e90264f33305004495a9","hash":"b52279bef254aced245d430bf6cba300048bcb76"}
,"/Users/nickp/react-native-examples/SpeedyMeds/src/screens/OrdersScreen.tsx": {"path":"/Users/nickp/react-native-examples/SpeedyMeds/src/screens/OrdersScreen.tsx","statementMap":{"0":{"start":{"line":65,"column":50},"end":{"line":188,"column":1}},"1":{"start":{"line":69,"column":17},"end":{"line":69,"column":57}},"2":{"start":{"line":69,"column":44},"end":{"line":69,"column":56}},"3":{"start":{"line":70,"column":20},"end":{"line":70,"column":63}},"4":{"start":{"line":70,"column":47},"end":{"line":70,"column":62}},"5":{"start":{"line":71,"column":16},"end":{"line":71,"column":55}},"6":{"start":{"line":71,"column":43},"end":{"line":71,"column":54}},"7":{"start":{"line":74,"column":16},"end":{"line":74,"column":36}},"8":{"start":{"line":82,"column":33},"end":{"line":86,"column":3}},"9":{"start":{"line":85,"column":4},"end":{"line":85,"column":61}},"10":{"start":{"line":96,"column":26},"end":{"line":116,"column":3}},"11":{"start":{"line":97,"column":4},"end":{"line":115,"column":6}},"12":{"start":{"line":103,"column":8},"end":{"line":108,"column":15}},"13":{"start":{"line":111,"column":21},"end":{"line":111,"column":52}},"14":{"start":{"line":113,"column":23},"end":{"line":113,"column":62}},"15":{"start":{"line":120,"column":2},"end":{"line":123,"column":3}},"16":{"start":{"line":122,"column":4},"end":{"line":122,"column":60}},"17":{"start":{"line":126,"column":2},"end":{"line":130,"column":3}},"18":{"start":{"line":129,"column":4},"end":{"line":129,"column":42}},"19":{"start":{"line":134,"column":2},"end":{"line":157,"column":3}},"20":{"start":{"line":137,"column":4},"end":{"line":156,"column":6}},"21":{"start":{"line":160,"column":2},"end":{"line":187,"column":4}},"22":{"start":{"line":168,"column":32},"end":{"line":168,"column":39}},"23":{"start":{"line":170,"column":38},"end":{"line":170,"column":49}},"24":{"start":{"line":180,"column":23},"end":{"line":180,"column":54}}},"fnMap":{"0":{"name":"(anonymous_0)","decl":{"start":{"line":65,"column":50},"end":{"line":65,"column":51}},"loc":{"start":{"line":65,"column":70},"end":{"line":188,"column":1}},"line":65},"1":{"name":"(anonymous_1)","decl":{"start":{"line":69,"column":33},"end":{"line":69,"column":34}},"loc":{"start":{"line":69,"column":44},"end":{"line":69,"column":56}},"line":69},"2":{"name":"(anonymous_2)","decl":{"start":{"line":70,"column":36},"end":{"line":70,"column":37}},"loc":{"start":{"line":70,"column":47},"end":{"line":70,"column":62}},"line":70},"3":{"name":"(anonymous_3)","decl":{"start":{"line":71,"column":32},"end":{"line":71,"column":33}},"loc":{"start":{"line":71,"column":43},"end":{"line":71,"column":54}},"line":71},"4":{"name":"(anonymous_4)","decl":{"start":{"line":82,"column":33},"end":{"line":82,"column":34}},"loc":{"start":{"line":82,"column":54},"end":{"line":86,"column":3}},"line":82},"5":{"name":"(anonymous_5)","decl":{"start":{"line":96,"column":26},"end":{"line":96,"column":27}},"loc":{"start":{"line":97,"column":4},"end":{"line":115,"column":6}},"line":97},"6":{"name":"(anonymous_6)","decl":{"start":{"line":102,"column":13},"end":{"line":102,"column":14}},"loc":{"start":{"line":103,"column":8},"end":{"line":108,"column":15}},"line":103},"7":{"name":"(anonymous_7)","decl":{"start":{"line":111,"column":15},"end":{"line":111,"column":16}},"loc":{"start":{"line":111,"column":21},"end":{"line":111,"column":52}},"line":111},"8":{"name":"(anonymous_8)","decl":{"start":{"line":113,"column":12},"end":{"line":113,"column":13}},"loc":{"start":{"line":113,"column":23},"end":{"line":113,"column":62}},"line":113},"9":{"name":"(anonymous_9)","decl":{"start":{"line":168,"column":22},"end":{"line":168,"column":23}},"loc":{"start":{"line":168,"column":32},"end":{"line":168,"column":39}},"line":168},"10":{"name":"(anonymous_10)","decl":{"start":{"line":170,"column":32},"end":{"line":170,"column":33}},"loc":{"start":{"line":170,"column":38},"end":{"line":170,"column":49}},"line":170},"11":{"name":"(anonymous_11)","decl":{"start":{"line":180,"column":17},"end":{"line":180,"column":18}},"loc":{"start":{"line":180,"column":23},"end":{"line":180,"column":54}},"line":180}},"branchMap":{"0":{"loc":{"start":{"line":120,"column":2},"end":{"line":123,"column":3}},"type":"if","locations":[{"start":{"line":120,"column":2},"end":{"line":123,"column":3}},{"start":{},"end":{}}],"line":120},"1":{"loc":{"start":{"line":120,"column":6},"end":{"line":120,"column":38}},"type":"binary-expr","locations":[{"start":{"line":120,"column":6},"end":{"line":120,"column":15}},{"start":{"line":120,"column":19},"end":{"line":120,"column":38}}],"line":120},"2":{"loc":{"start":{"line":126,"column":2},"end":{"line":130,"column":3}},"type":"if","locations":[{"start":{"line":126,"column":2},"end":{"line":130,"column":3}},{"start":{},"end":{}}],"line":126},"3":{"loc":{"start":{"line":134,"column":2},"end":{"line":157,"column":3}},"type":"if","locations":[{"start":{"line":134,"column":2},"end":{"line":157,"column":3}},{"start":{},"end":{}}],"line":134},"4":{"loc":{"start":{"line":134,"column":6},"end":{"line":134,"column":39}},"type":"binary-expr","locations":[{"start":{"line":134,"column":6},"end":{"line":134,"column":16}},{"start":{"line":134,"column":20},"end":{"line":134,"column":39}}],"line":134}},"s":{"0":1,"1":6,"2":6,"3":6,"4":6,"5":6,"6":6,"7":6,"8":6,"9":2,"10":6,"11":6,"12":6,"13":1,"14":6,"15":6,"16":1,"17":5,"18":1,"19":4,"20":1,"21":3,"22":9,"23":3,"24":1},"f":{"0":6,"1":6,"2":6,"3":6,"4":2,"5":6,"6":6,"7":1,"8":6,"9":9,"10":3,"11":1},"b":{"0":[1,5],"1":[6,1],"2":[1,4],"3":[1,3],"4":[4,4]},"_coverageSchema":"1a1c01bbd47fc00a2c39e90264f33305004495a9","hash":"46b6dd6659bfd880e0f6e9b19b91d2997447349f"}
,"/Users/nickp/react-native-examples/SpeedyMeds/src/screens/PrescriptionsScreen.tsx": {"path":"/Users/nickp/react-native-examples/SpeedyMeds/src/screens/PrescriptionsScreen.tsx","statementMap":{"0":{"start":{"line":66,"column":23},"end":{"line":70,"column":1}},"1":{"start":{"line":69,"column":52},"end":{"line":69,"column":74}},"2":{"start":{"line":76,"column":20},"end":{"line":113,"column":1}},"3":{"start":{"line":80,"column":49},"end":{"line":80,"column":76}},"4":{"start":{"line":86,"column":4},"end":{"line":95,"column":5}},"5":{"start":{"line":88,"column":8},"end":{"line":88,"column":40}},"6":{"start":{"line":92,"column":8},"end":{"line":92,"column":36}},"7":{"start":{"line":94,"column":8},"end":{"line":94,"column":42}},"8":{"start":{"line":99,"column":4},"end":{"line":111,"column":5}},"9":{"start":{"line":105,"column":8},"end":{"line":105,"column":68}},"10":{"start":{"line":110,"column":8},"end":{"line":110,"column":70}},"11":{"start":{"line":133,"column":64},"end":{"line":306,"column":1}},"12":{"start":{"line":138,"column":24},"end":{"line":138,"column":71}},"13":{"start":{"line":138,"column":51},"end":{"line":138,"column":70}},"14":{"start":{"line":139,"column":20},"end":{"line":139,"column":63}},"15":{"start":{"line":139,"column":47},"end":{"line":139,"column":62}},"16":{"start":{"line":140,"column":16},"end":{"line":140,"column":55}},"17":{"start":{"line":140,"column":43},"end":{"line":140,"column":54}},"18":{"start":{"line":144,"column":26},"end":{"line":144,"column":46}},"19":{"start":{"line":146,"column":40},"end":{"line":146,"column":52}},"20":{"start":{"line":149,"column":32},"end":{"line":157,"column":34}},"21":{"start":{"line":150,"column":4},"end":{"line":152,"column":5}},"22":{"start":{"line":151,"column":6},"end":{"line":151,"column":27}},"23":{"start":{"line":153,"column":27},"end":{"line":153,"column":52}},"24":{"start":{"line":154,"column":4},"end":{"line":156,"column":6}},"25":{"start":{"line":155,"column":6},"end":{"line":155,"column":56}},"26":{"start":{"line":165,"column":22},"end":{"line":207,"column":3}},"27":{"start":{"line":172,"column":30},"end":{"line":172,"column":34}},"28":{"start":{"line":173,"column":33},"end":{"line":173,"column":37}},"29":{"start":{"line":174,"column":24},"end":{"line":174,"column":53}},"30":{"start":{"line":176,"column":4},"end":{"line":193,"column":5}},"31":{"start":{"line":178,"column":8},"end":{"line":178,"column":29}},"32":{"start":{"line":179,"column":8},"end":{"line":179,"column":40}},"33":{"start":{"line":183,"column":8},"end":{"line":183,"column":37}},"34":{"start":{"line":184,"column":8},"end":{"line":184,"column":14}},"35":{"start":{"line":186,"column":8},"end":{"line":186,"column":30}},"36":{"start":{"line":187,"column":8},"end":{"line":187,"column":72}},"37":{"start":{"line":188,"column":8},"end":{"line":188,"column":37}},"38":{"start":{"line":189,"column":8},"end":{"line":189,"column":14}},"39":{"start":{"line":192,"column":8},"end":{"line":192,"column":20}},"40":{"start":{"line":195,"column":4},"end":{"line":206,"column":6}},"41":{"start":{"line":218,"column":33},"end":{"line":242,"column":3}},"42":{"start":{"line":223,"column":4},"end":{"line":241,"column":6}},"43":{"start":{"line":228,"column":8},"end":{"line":234,"column":15}},"44":{"start":{"line":239,"column":23},"end":{"line":239,"column":59}},"45":{"start":{"line":245,"column":2},"end":{"line":248,"column":3}},"46":{"start":{"line":247,"column":4},"end":{"line":247,"column":67}},"47":{"start":{"line":251,"column":2},"end":{"line":255,"column":3}},"48":{"start":{"line":254,"column":4},"end":{"line":254,"column":42}},"49":{"start":{"line":258,"column":2},"end":{"line":281,"column":3}},"50":{"start":{"line":261,"column":4},"end":{"line":280,"column":6}},"51":{"start":{"line":284,"column":2},"end":{"line":305,"column":4}},"52":{"start":{"line":299,"column":32},"end":{"line":299,"column":39}},"53":{"start":{"line":300,"column":38},"end":{"line":300,"column":49}}},"fnMap":{"0":{"name":"(anonymous_0)","decl":{"start":{"line":69,"column":16},"end":{"line":69,"column":17}},"loc":{"start":{"line":69,"column":52},"end":{"line":69,"column":74}},"line":69},"1":{"name":"(anonymous_1)","decl":{"start":{"line":80,"column":17},"end":{"line":80,"column":18}},"loc":{"start":{"line":80,"column":49},"end":{"line":80,"column":76}},"line":80},"2":{"name":"(anonymous_2)","decl":{"start":{"line":82,"column":22},"end":{"line":82,"column":23}},"loc":{"start":{"line":85,"column":8},"end":{"line":96,"column":3}},"line":85},"3":{"name":"(anonymous_3)","decl":{"start":{"line":98,"column":11},"end":{"line":98,"column":12}},"loc":{"start":{"line":98,"column":77},"end":{"line":112,"column":3}},"line":98},"4":{"name":"(anonymous_4)","decl":{"start":{"line":133,"column":64},"end":{"line":133,"column":65}},"loc":{"start":{"line":135,"column":5},"end":{"line":306,"column":1}},"line":135},"5":{"name":"(anonymous_5)","decl":{"start":{"line":138,"column":40},"end":{"line":138,"column":41}},"loc":{"start":{"line":138,"column":51},"end":{"line":138,"column":70}},"line":138},"6":{"name":"(anonymous_6)","decl":{"start":{"line":139,"column":36},"end":{"line":139,"column":37}},"loc":{"start":{"line":139,"column":47},"end":{"line":139,"column":62}},"line":139},"7":{"name":"(anonymous_7)","decl":{"start":{"line":140,"column":32},"end":{"line":140,"column":33}},"loc":{"start":{"line":140,"column":43},"end":{"line":140,"column":54}},"line":140},"8":{"name":"(anonymous_8)","decl":{"start":{"line":149,"column":40},"end":{"line":149,"column":41}},"loc":{"start":{"line":149,"column":46},"end":{"line":157,"column":3}},"line":149},"9":{"name":"(anonymous_9)","decl":{"start":{"line":154,"column":32},"end":{"line":154,"column":33}},"loc":{"start":{"line":155,"column":6},"end":{"line":155,"column":56}},"line":155},"10":{"name":"(anonymous_10)","decl":{"start":{"line":165,"column":22},"end":{"line":165,"column":23}},"loc":{"start":{"line":169,"column":34},"end":{"line":207,"column":3}},"line":169},"11":{"name":"(anonymous_11)","decl":{"start":{"line":218,"column":33},"end":{"line":218,"column":34}},"loc":{"start":{"line":223,"column":4},"end":{"line":241,"column":6}},"line":223},"12":{"name":"(anonymous_12)","decl":{"start":{"line":227,"column":13},"end":{"line":227,"column":14}},"loc":{"start":{"line":228,"column":8},"end":{"line":234,"column":15}},"line":228},"13":{"name":"(anonymous_13)","decl":{"start":{"line":239,"column":12},"end":{"line":239,"column":13}},"loc":{"start":{"line":239,"column":23},"end":{"line":239,"column":59}},"line":239},"14":{"name":"(anonymous_14)","decl":{"start":{"line":299,"column":22},"end":{"line":299,"column":23}},"loc":{"start":{"line":299,"column":32},"end":{"line":299,"column":39}},"line":299},"15":{"name":"(anonymous_15)","decl":{"start":{"line":300,"column":32},"end":{"line":300,"column":33}},"loc":{"start":{"line":300,"column":38},"end":{"line":300,"column":49}},"line":300}},"branchMap":{"0":{"loc":{"start":{"line":86,"column":4},"end":{"line":95,"column":5}},"type":"switch","locations":[{"start":{"line":87,"column":6},"end":{"line":88,"column":40}},{"start":{"line":89,"column":6},"end":{"line":92,"column":36}},{"start":{"line":93,"column":6},"end":{"line":94,"column":42}}],"line":86},"1":{"loc":{"start":{"line":99,"column":4},"end":{"line":111,"column":5}},"type":"switch","locations":[{"start":{"line":100,"column":6},"end":{"line":100,"column":45}},{"start":{"line":101,"column":6},"end":{"line":105,"column":68}},{"start":{"line":106,"column":6},"end":{"line":110,"column":70}}],"line":99},"2":{"loc":{"start":{"line":105,"column":15},"end":{"line":105,"column":67}},"type":"binary-expr","locations":[{"start":{"line":105,"column":15},"end":{"line":105,"column":41}},{"start":{"line":105,"column":45},"end":{"line":105,"column":67}}],"line":105},"3":{"loc":{"start":{"line":110,"column":15},"end":{"line":110,"column":69}},"type":"binary-expr","locations":[{"start":{"line":110,"column":15},"end":{"line":110,"column":43}},{"start":{"line":110,"column":47},"end":{"line":110,"column":69}}],"line":110},"4":{"loc":{"start":{"line":150,"column":4},"end":{"line":152,"column":5}},"type":"if","locations":[{"start":{"line":150,"column":4},"end":{"line":152,"column":5}},{"start":{},"end":{}}],"line":150},"5":{"loc":{"start":{"line":176,"column":4},"end":{"line":193,"column":5}},"type":"switch","locations":[{"start":{"line":177,"column":6},"end":{"line":184,"column":14}},{"start":{"line":185,"column":6},"end":{"line":189,"column":14}},{"start":{"line":190,"column":6},"end":{"line":190,"column":34}},{"start":{"line":191,"column":6},"end":{"line":192,"column":20}}],"line":176},"6":{"loc":{"start":{"line":245,"column":2},"end":{"line":248,"column":3}},"type":"if","locations":[{"start":{"line":245,"column":2},"end":{"line":248,"column":3}},{"start":{},"end":{}}],"line":245},"7":{"loc":{"start":{"line":245,"column":6},"end":{"line":245,"column":45}},"type":"binary-expr","locations":[{"start":{"line":245,"column":6},"end":{"line":245,"column":15}},{"start":{"line":245,"column":19},"end":{"line":245,"column":45}}],"line":245},"8":{"loc":{"start":{"line":251,"column":2},"end":{"line":255,"column":3}},"type":"if","locations":[{"start":{"line":251,"column":2},"end":{"line":255,"column":3}},{"start":{},"end":{}}],"line":251},"9":{"loc":{"start":{"line":258,"column":2},"end":{"line":281,"column":3}},"type":"if","locations":[{"start":{"line":258,"column":2},"end":{"line":281,"column":3}},{"start":{},"end":{}}],"line":258},"10":{"loc":{"start":{"line":258,"column":6},"end":{"line":258,"column":46}},"type":"binary-expr","locations":[{"start":{"line":258,"column":6},"end":{"line":258,"column":16}},{"start":{"line":258,"column":20},"end":{"line":258,"column":46}}],"line":258}},"s":{"0":1,"1":4,"2":1,"3":10,"4":10,"5":4,"6":0,"7":6,"8":10,"9":4,"10":6,"11":1,"12":9,"13":9,"14":9,"15":9,"16":9,"17":9,"18":9,"19":9,"20":9,"21":9,"22":7,"23":2,"24":2,"25":4,"26":9,"27":10,"28":10,"29":10,"30":10,"31":4,"32":4,"33":4,"34":4,"35":0,"36":0,"37":0,"38":0,"39":6,"40":4,"41":9,"42":10,"43":10,"44":10,"45":9,"46":1,"47":8,"48":1,"49":7,"50":1,"51":6,"52":16,"53":4},"f":{"0":4,"1":10,"2":10,"3":10,"4":9,"5":9,"6":9,"7":9,"8":9,"9":4,"10":10,"11":10,"12":10,"13":10,"14":16,"15":4},"b":{"0":[4,0,6],"1":[4,4,6],"2":[4,0],"3":[6,0],"4":[7,2],"5":[4,0,6,6],"6":[1,8],"7":[9,1],"8":[1,7],"9":[1,6],"10":[7,7]},"_coverageSchema":"1a1c01bbd47fc00a2c39e90264f33305004495a9","hash":"788dab6cd9470b1331b6312aa5c9247a5a4779b9"}
,"/Users/nickp/react-native-examples/SpeedyMeds/src/stores/appDataStore.ts": {"path":"/Users/nickp/react-native-examples/SpeedyMeds/src/stores/appDataStore.ts","statementMap":{"0":{"start":{"line":99,"column":24},"end":{"line":130,"column":3}},"1":{"start":{"line":99,"column":55},"end":{"line":130,"column":1}},"2":{"start":{"line":115,"column":31},"end":{"line":115,"column":60}},"3":{"start":{"line":118,"column":4},"end":{"line":118,"column":43}},"4":{"start":{"line":120,"column":39},"end":{"line":120,"column":76}},"5":{"start":{"line":122,"column":25},"end":{"line":122,"column":48}},"6":{"start":{"line":125,"column":27},"end":{"line":125,"column":54}},"7":{"start":{"line":129,"column":23},"end":{"line":129,"column":62}}},"fnMap":{"0":{"name":"(anonymous_0)","decl":{"start":{"line":99,"column":45},"end":{"line":99,"column":46}},"loc":{"start":{"line":99,"column":55},"end":{"line":130,"column":1}},"line":99},"1":{"name":"(anonymous_1)","decl":{"start":{"line":115,"column":18},"end":{"line":115,"column":19}},"loc":{"start":{"line":115,"column":31},"end":{"line":115,"column":60}},"line":115},"2":{"name":"(anonymous_2)","decl":{"start":{"line":117,"column":26},"end":{"line":117,"column":27}},"loc":{"start":{"line":118,"column":4},"end":{"line":118,"column":43}},"line":118},"3":{"name":"(anonymous_3)","decl":{"start":{"line":120,"column":20},"end":{"line":120,"column":21}},"loc":{"start":{"line":120,"column":39},"end":{"line":120,"column":76}},"line":120},"4":{"name":"(anonymous_4)","decl":{"start":{"line":122,"column":13},"end":{"line":122,"column":14}},"loc":{"start":{"line":122,"column":25},"end":{"line":122,"column":48}},"line":122},"5":{"name":"(anonymous_5)","decl":{"start":{"line":125,"column":14},"end":{"line":125,"column":15}},"loc":{"start":{"line":125,"column":27},"end":{"line":125,"column":54}},"line":125},"6":{"name":"(anonymous_6)","decl":{"start":{"line":129,"column":12},"end":{"line":129,"column":13}},"loc":{"start":{"line":129,"column":23},"end":{"line":129,"column":62}},"line":129}},"branchMap":{},"s":{"0":5,"1":5,"2":1,"3":1,"4":1,"5":1,"6":2,"7":2},"f":{"0":5,"1":1,"2":1,"3":1,"4":1,"5":2,"6":2},"b":{},"_coverageSchema":"1a1c01bbd47fc00a2c39e90264f33305004495a9","hash":"5c6fb26eb2e3e0d7ebc08fa9aff9519b4b4a6d4e"}
,"/Users/nickp/react-native-examples/SpeedyMeds/src/test-utils/renderWithProviders.tsx": {"path":"/Users/nickp/react-native-examples/SpeedyMeds/src/test-utils/renderWithProviders.tsx","statementMap":{"0":{"start":{"line":9,"column":65},"end":{"line":24,"column":1}},"1":{"start":{"line":14,"column":21},"end":{"line":17,"column":3}},"2":{"start":{"line":19,"column":2},"end":{"line":23,"column":4}},"3":{"start":{"line":27,"column":21},"end":{"line":30,"column":57}},"4":{"start":{"line":30,"column":5},"end":{"line":30,"column":57}}},"fnMap":{"0":{"name":"(anonymous_0)","decl":{"start":{"line":9,"column":65},"end":{"line":9,"column":66}},"loc":{"start":{"line":11,"column":6},"end":{"line":24,"column":1}},"line":11},"1":{"name":"(anonymous_1)","decl":{"start":{"line":27,"column":21},"end":{"line":27,"column":22}},"loc":{"start":{"line":30,"column":5},"end":{"line":30,"column":57}},"line":30}},"branchMap":{},"s":{"0":7,"1":37,"2":37,"3":7,"4":37},"f":{"0":37,"1":37},"b":{},"_coverageSchema":"1a1c01bbd47fc00a2c39e90264f33305004495a9","hash":"d1e1b59d6e5130420c2dfef178ed0d272b270c1a"}
,"/Users/nickp/react-native-examples/SpeedyMeds/src/theme/colors.ts": {"path":"/Users/nickp/react-native-examples/SpeedyMeds/src/theme/colors.ts","statementMap":{"0":{"start":{"line":21,"column":22},"end":{"line":115,"column":1}}},"fnMap":{},"branchMap":{},"s":{"0":9},"f":{},"b":{},"_coverageSchema":"1a1c01bbd47fc00a2c39e90264f33305004495a9","hash":"dc51e0a14474e6e6d3fb4d14acbf6f4b8342bef0"}
,"/Users/nickp/react-native-examples/SpeedyMeds/src/theme/shape.ts": {"path":"/Users/nickp/react-native-examples/SpeedyMeds/src/theme/shape.ts","statementMap":{"0":{"start":{"line":20,"column":21},"end":{"line":30,"column":1}}},"fnMap":{},"branchMap":{},"s":{"0":9},"f":{},"b":{},"_coverageSchema":"1a1c01bbd47fc00a2c39e90264f33305004495a9","hash":"af9ad4b9a0cc89dcaa8d7d2ba1d79b4167bc0a13"}
,"/Users/nickp/react-native-examples/SpeedyMeds/src/theme/spacing.ts": {"path":"/Users/nickp/react-native-examples/SpeedyMeds/src/theme/spacing.ts","statementMap":{"0":{"start":{"line":23,"column":23},"end":{"line":40,"column":1}}},"fnMap":{},"branchMap":{},"s":{"0":9},"f":{},"b":{},"_coverageSchema":"1a1c01bbd47fc00a2c39e90264f33305004495a9","hash":"20d6c31d402d9bb5901a304bc7d0cdf4cb3f07ae"}
,"/Users/nickp/react-native-examples/SpeedyMeds/src/theme/theme.ts": {"path":"/Users/nickp/react-native-examples/SpeedyMeds/src/theme/theme.ts","statementMap":{"0":{"start":{"line":63,"column":27},"end":{"line":70,"column":1}},"1":{"start":{"line":77,"column":25},"end":{"line":120,"column":1}},"2":{"start":{"line":141,"column":36},"end":{"line":193,"column":1}},"3":{"start":{"line":201,"column":35},"end":{"line":255,"column":1}},"4":{"start":{"line":262,"column":2},"end":{"line":269,"column":4}},"5":{"start":{"line":275,"column":37},"end":{"line":275,"column":73}},"6":{"start":{"line":276,"column":36},"end":{"line":276,"column":70}}},"fnMap":{},"branchMap":{},"s":{"0":9,"1":9,"2":9,"3":9,"4":9,"5":9,"6":9},"f":{},"b":{},"_coverageSchema":"1a1c01bbd47fc00a2c39e90264f33305004495a9","hash":"ea314b23da2d62f92ab69f01be7e9e8b4ca4ab78"}
,"/Users/nickp/react-native-examples/SpeedyMeds/src/theme/typography.ts": {"path":"/Users/nickp/react-native-examples/SpeedyMeds/src/theme/typography.ts","statementMap":{"0":{"start":{"line":24,"column":25},"end":{"line":39,"column":1}},"1":{"start":{"line":46,"column":27},"end":{"line":57,"column":1}},"2":{"start":{"line":70,"column":21},"end":{"line":93,"column":1}}},"fnMap":{},"branchMap":{},"s":{"0":9,"1":9,"2":9},"f":{},"b":{},"_coverageSchema":"1a1c01bbd47fc00a2c39e90264f33305004495a9","hash":"7144c79dcbdc6dd544f880fe2e2495ac335db8d6"}
,"/Users/nickp/react-native-examples/SpeedyMeds/src/types/index.ts": {"path":"/Users/nickp/react-native-examples/SpeedyMeds/src/types/index.ts","statementMap":{},"fnMap":{},"branchMap":{},"s":{},"f":{},"b":{},"_coverageSchema":"1a1c01bbd47fc00a2c39e90264f33305004495a9","hash":"6714c06561337e27a07961f1e4681d0309e9a4d8"}
}
