TN:
SF:src/components/ErrorDisplay.tsx
FN:15,(anonymous_0)
FN:16,(anonymous_1)
FN:25,(anonymous_2)
FN:27,(anonymous_3)
FN:50,(anonymous_4)
FNF:5
FNH:5
FNDA:8,(anonymous_0)
FNDA:8,(anonymous_1)
FNDA:16,(anonymous_2)
FNDA:16,(anonymous_3)
FNDA:9,(anonymous_4)
DA:11,5
DA:15,8
DA:17,8
DA:24,5
DA:25,16
DA:27,16
DA:50,5
DA:51,9
DA:53,9
DA:54,1
DA:58,8
DA:60,8
LF:12
LH:12
BRDA:53,0,0,1
BRDA:53,0,1,8
BRDA:58,1,0,5
BRDA:58,1,1,3
BRDA:64,2,0,5
BRDA:64,2,1,3
BRDA:69,3,0,8
BRDA:69,3,1,2
BRF:8
BRH:8
end_of_record
TN:
SF:src/components/LoadingIndicator.tsx
FN:15,(anonymous_0)
FN:16,(anonymous_1)
FN:37,(anonymous_2)
FNF:3
FNH:3
FNDA:7,(anonymous_0)
FNDA:7,(anonymous_1)
FNDA:7,(anonymous_2)
DA:11,5
DA:15,7
DA:17,7
DA:37,5
DA:40,7
DA:42,7
LF:6
LH:6
BRDA:38,0,0,1
BRDA:49,1,0,7
BRDA:49,1,1,6
BRF:3
BRH:3
end_of_record
TN:
SF:src/components/ScreenContainer.tsx
FN:17,(anonymous_0)
FN:19,(anonymous_1)
FN:41,(anonymous_2)
FNF:3
FNH:3
FNDA:24,(anonymous_0)
FNDA:24,(anonymous_1)
FNDA:24,(anonymous_2)
DA:15,5
DA:17,24
DA:20,24
DA:41,5
DA:43,24
LF:5
LH:5
BRF:0
BRH:0
end_of_record
TN:
SF:src/context/ThemeContext.tsx
FN:116,(anonymous_0)
FN:137,(anonymous_1)
FN:149,(anonymous_2)
FN:173,(anonymous_3)
FN:183,(anonymous_4)
FN:218,(anonymous_5)
FNF:6
FNH:6
FNDA:9,(anonymous_0)
FNDA:9,(anonymous_1)
FNDA:9,(anonymous_2)
FNDA:4,(anonymous_3)
FNDA:9,(anonymous_4)
FNDA:12,(anonymous_5)
DA:85,2
DA:116,2
DA:120,9
DA:129,9
DA:137,9
DA:138,9
DA:140,6
DA:143,3
DA:149,9
DA:150,9
DA:173,9
DA:174,4
DA:182,9
DA:183,9
DA:196,9
DA:218,2
DA:220,12
DA:223,11
DA:224,2
DA:227,9
LF:20
LH:20
BRDA:138,0,0,6
BRDA:138,0,1,3
BRDA:140,1,0,6
BRDA:140,1,1,0
BRDA:150,2,0,4
BRDA:150,2,1,5
BRDA:223,3,0,2
BRDA:223,3,1,9
BRF:8
BRH:7
end_of_record
TN:
SF:src/screens/AccountScreen.tsx
FN:61,(anonymous_0)
FN:78,(anonymous_1)
FN:164,(anonymous_2)
FN:166,(anonymous_3)
FN:169,(anonymous_4)
FN:174,(anonymous_5)
FN:177,(anonymous_6)
FN:179,(anonymous_7)
FN:184,(anonymous_8)
FN:185,(anonymous_9)
FN:187,(anonymous_10)
FN:194,(anonymous_11)
FN:195,(anonymous_12)
FN:197,(anonymous_13)
FN:202,(anonymous_14)
FN:205,(anonymous_15)
FN:207,(anonymous_16)
FN:215,(anonymous_17)
FNF:18
FNH:18
FNDA:7,(anonymous_0)
FNDA:10,(anonymous_1)
FNDA:7,(anonymous_2)
FNDA:7,(anonymous_3)
FNDA:1,(anonymous_4)
FNDA:7,(anonymous_5)
FNDA:7,(anonymous_6)
FNDA:1,(anonymous_7)
FNDA:7,(anonymous_8)
FNDA:7,(anonymous_9)
FNDA:1,(anonymous_10)
FNDA:7,(anonymous_11)
FNDA:7,(anonymous_12)
FNDA:1,(anonymous_13)
FNDA:7,(anonymous_14)
FNDA:7,(anonymous_15)
FNDA:1,(anonymous_16)
FNDA:1,(anonymous_17)
DA:58,1
DA:61,7
DA:78,1
DA:87,10
DA:91,10
DA:96,10
DA:98,1
DA:103,9
DA:106,1
DA:111,8
DA:114,1
DA:127,7
DA:129,7
DA:131,7
DA:164,7
DA:166,7
DA:169,1
DA:175,7
DA:177,7
DA:179,1
DA:184,7
DA:185,7
DA:188,1
DA:194,7
DA:195,7
DA:197,1
DA:203,7
DA:205,7
DA:207,1
DA:215,1
LF:30
LH:30
BRDA:96,0,0,1
BRDA:96,0,1,9
BRDA:96,1,0,10
BRDA:96,1,1,1
BRDA:103,2,0,1
BRDA:103,2,1,8
BRDA:111,3,0,1
BRDA:111,3,1,7
BRDA:129,4,0,7
BRDA:129,4,1,0
BRF:10
BRH:9
end_of_record
TN:
SF:src/screens/HomeScreen.tsx
FN:72,(anonymous_0)
FN:76,(anonymous_1)
FN:77,(anonymous_2)
FN:78,(anonymous_3)
FN:79,(anonymous_4)
FN:114,(anonymous_5)
FN:133,(anonymous_6)
FN:150,(anonymous_7)
FN:215,(anonymous_8)
FN:220,(anonymous_9)
FN:239,(anonymous_10)
FNF:11
FNH:11
FNDA:6,(anonymous_0)
FNDA:6,(anonymous_1)
FNDA:6,(anonymous_2)
FNDA:6,(anonymous_3)
FNDA:6,(anonymous_4)
FNDA:4,(anonymous_5)
FNDA:1,(anonymous_6)
FNDA:1,(anonymous_7)
FNDA:8,(anonymous_8)
FNDA:8,(anonymous_9)
FNDA:1,(anonymous_10)
DA:72,1
DA:74,6
DA:76,6
DA:77,6
DA:78,6
DA:79,6
DA:82,6
DA:84,1
DA:87,5
DA:90,1
DA:94,4
DA:114,4
DA:133,1
DA:150,1
DA:216,8
DA:220,8
DA:240,1
LF:17
LH:17
BRDA:82,0,0,1
BRDA:82,0,1,5
BRDA:82,1,0,6
BRDA:82,1,1,1
BRDA:87,2,0,1
BRDA:87,2,1,4
BRDA:102,3,0,4
BRDA:102,3,1,0
BRDA:214,4,0,4
BRDA:214,4,1,0
BRF:10
BRH:8
end_of_record
TN:
SF:src/screens/OrdersScreen.tsx
FN:65,(anonymous_0)
FN:69,(anonymous_1)
FN:70,(anonymous_2)
FN:71,(anonymous_3)
FN:82,(anonymous_4)
FN:96,(anonymous_5)
FN:102,(anonymous_6)
FN:111,(anonymous_7)
FN:113,(anonymous_8)
FN:168,(anonymous_9)
FN:170,(anonymous_10)
FN:180,(anonymous_11)
FNF:12
FNH:12
FNDA:6,(anonymous_0)
FNDA:6,(anonymous_1)
FNDA:6,(anonymous_2)
FNDA:6,(anonymous_3)
FNDA:2,(anonymous_4)
FNDA:6,(anonymous_5)
FNDA:6,(anonymous_6)
FNDA:1,(anonymous_7)
FNDA:6,(anonymous_8)
FNDA:9,(anonymous_9)
FNDA:3,(anonymous_10)
FNDA:1,(anonymous_11)
DA:65,1
DA:69,6
DA:70,6
DA:71,6
DA:74,6
DA:82,6
DA:85,2
DA:96,6
DA:97,6
DA:103,6
DA:111,1
DA:113,6
DA:120,6
DA:122,1
DA:126,5
DA:129,1
DA:134,4
DA:137,1
DA:160,3
DA:168,9
DA:170,3
DA:180,1
LF:22
LH:22
BRDA:120,0,0,1
BRDA:120,0,1,5
BRDA:120,1,0,6
BRDA:120,1,1,1
BRDA:126,2,0,1
BRDA:126,2,1,4
BRDA:134,3,0,1
BRDA:134,3,1,3
BRDA:134,4,0,4
BRDA:134,4,1,4
BRF:10
BRH:10
end_of_record
TN:
SF:src/screens/PrescriptionsScreen.tsx
FN:69,(anonymous_0)
FN:80,(anonymous_1)
FN:82,(anonymous_2)
FN:98,(anonymous_3)
FN:133,(anonymous_4)
FN:138,(anonymous_5)
FN:139,(anonymous_6)
FN:140,(anonymous_7)
FN:149,(anonymous_8)
FN:154,(anonymous_9)
FN:165,(anonymous_10)
FN:218,(anonymous_11)
FN:227,(anonymous_12)
FN:239,(anonymous_13)
FN:299,(anonymous_14)
FN:300,(anonymous_15)
FNF:16
FNH:16
FNDA:4,(anonymous_0)
FNDA:10,(anonymous_1)
FNDA:10,(anonymous_2)
FNDA:10,(anonymous_3)
FNDA:9,(anonymous_4)
FNDA:9,(anonymous_5)
FNDA:9,(anonymous_6)
FNDA:9,(anonymous_7)
FNDA:9,(anonymous_8)
FNDA:4,(anonymous_9)
FNDA:10,(anonymous_10)
FNDA:10,(anonymous_11)
FNDA:10,(anonymous_12)
FNDA:10,(anonymous_13)
FNDA:16,(anonymous_14)
FNDA:4,(anonymous_15)
DA:66,1
DA:69,4
DA:76,1
DA:80,10
DA:86,10
DA:88,4
DA:92,0
DA:94,6
DA:99,10
DA:105,4
DA:110,6
DA:133,1
DA:138,9
DA:139,9
DA:140,9
DA:144,9
DA:146,9
DA:149,9
DA:150,9
DA:151,7
DA:153,2
DA:154,2
DA:155,4
DA:165,9
DA:172,10
DA:173,10
DA:174,10
DA:176,10
DA:178,4
DA:179,4
DA:183,4
DA:184,4
DA:186,0
DA:187,0
DA:188,0
DA:189,0
DA:192,6
DA:195,4
DA:218,9
DA:223,10
DA:228,10
DA:239,10
DA:245,9
DA:247,1
DA:251,8
DA:254,1
DA:258,7
DA:261,1
DA:284,6
DA:299,16
DA:300,4
LF:51
LH:46
BRDA:86,0,0,4
BRDA:86,0,1,0
BRDA:86,0,2,6
BRDA:99,1,0,4
BRDA:99,1,1,4
BRDA:99,1,2,6
BRDA:105,2,0,4
BRDA:105,2,1,0
BRDA:110,3,0,6
BRDA:110,3,1,0
BRDA:150,4,0,7
BRDA:150,4,1,2
BRDA:176,5,0,4
BRDA:176,5,1,0
BRDA:176,5,2,6
BRDA:176,5,3,6
BRDA:245,6,0,1
BRDA:245,6,1,8
BRDA:245,7,0,9
BRDA:245,7,1,1
BRDA:251,8,0,1
BRDA:251,8,1,7
BRDA:258,9,0,1
BRDA:258,9,1,6
BRDA:258,10,0,7
BRDA:258,10,1,7
BRF:26
BRH:22
end_of_record
TN:
SF:src/stores/appDataStore.ts
FN:99,(anonymous_0)
FN:115,(anonymous_1)
FN:117,(anonymous_2)
FN:120,(anonymous_3)
FN:122,(anonymous_4)
FN:125,(anonymous_5)
FN:129,(anonymous_6)
FNF:7
FNH:7
FNDA:5,(anonymous_0)
FNDA:1,(anonymous_1)
FNDA:1,(anonymous_2)
FNDA:1,(anonymous_3)
FNDA:1,(anonymous_4)
FNDA:2,(anonymous_5)
FNDA:2,(anonymous_6)
DA:99,5
DA:115,1
DA:118,1
DA:120,1
DA:122,1
DA:125,2
DA:129,2
LF:7
LH:7
BRF:0
BRH:0
end_of_record
TN:
SF:src/test-utils/renderWithProviders.tsx
FN:9,(anonymous_0)
FN:27,(anonymous_1)
FNF:2
FNH:2
FNDA:37,(anonymous_0)
FNDA:37,(anonymous_1)
DA:9,7
DA:14,37
DA:19,37
DA:27,7
DA:30,37
LF:5
LH:5
BRF:0
BRH:0
end_of_record
TN:
SF:src/theme/colors.ts
FNF:0
FNH:0
DA:21,9
LF:1
LH:1
BRF:0
BRH:0
end_of_record
TN:
SF:src/theme/shape.ts
FNF:0
FNH:0
DA:20,9
LF:1
LH:1
BRF:0
BRH:0
end_of_record
TN:
SF:src/theme/spacing.ts
FNF:0
FNH:0
DA:23,9
LF:1
LH:1
BRF:0
BRH:0
end_of_record
TN:
SF:src/theme/theme.ts
FNF:0
FNH:0
DA:63,9
DA:77,9
DA:141,9
DA:201,9
DA:262,9
DA:275,9
DA:276,9
LF:7
LH:7
BRF:0
BRH:0
end_of_record
TN:
SF:src/theme/typography.ts
FNF:0
FNH:0
DA:24,9
DA:46,9
DA:70,9
LF:3
LH:3
BRF:0
BRH:0
end_of_record
TN:
SF:src/types/index.ts
FNF:0
FNH:0
LF:0
LH:0
BRF:0
BRH:0
end_of_record
